This file contains any messages produced by compilers while
running configure, to aid debugging if configure makes a mistake.

It was created by lepton configure 0.01, which was
generated by GNU Autoconf 2.69.  Invocation command line was

  $ ./configure 

## --------- ##
## Platform. ##
## --------- ##

hostname = ghostman-HP-Pavilion-Notebook
uname -m = x86_64
uname -r = 4.4.0-72-generic
uname -s = Linux
uname -v = #93-Ubuntu SMP Fri Mar 31 14:07:41 UTC 2017

/usr/bin/uname -p = unknown
/bin/uname -X     = unknown

/bin/arch              = unknown
/usr/bin/arch -k       = unknown
/usr/convex/getsysinfo = unknown
/usr/bin/hostinfo      = unknown
/bin/machine           = unknown
/usr/bin/oslevel       = unknown
/bin/universe          = unknown

PATH: /opt/android-studio/bin
PATH: /home/ghostman/.nvm/versions/node/v4.4.5/bin
PATH: /home/ghostman/caffe/python/caffe
PATH: /usr/local/cuda-8.0/bin
PATH: /usr/local/maven/bin
PATH: /usr/local/sbin
PATH: /usr/local/bin
PATH: /usr/sbin
PATH: /usr/bin
PATH: /sbin
PATH: /bin
PATH: /usr/games
PATH: /usr/local/games
PATH: /snap/bin
PATH: /usr/lib/jvm/java-8-oracle/bin
PATH: /usr/lib/jvm/java-8-oracle/db/bin
PATH: /usr/lib/jvm/java-8-oracle/jre/bin
PATH: /home/ghostman/.rvm/bin
PATH: /home/ghostman/sdk/android-sdk-linux/platform-tools
PATH: /home/ghostman/sdk/android-sdk-linux/tools
PATH: /home/ghostman/sdk/android-sdk-linux/build-tools/22.0.1/
PATH: /home/ghostman/.rvm/bin


## ----------- ##
## Core tests. ##
## ----------- ##

configure:1934: checking for a BSD-compatible install
configure:2002: result: /usr/bin/install -c
configure:2013: checking whether build environment is sane
configure:2068: result: yes
configure:2219: checking for a thread-safe mkdir -p
configure:2258: result: /bin/mkdir -p
configure:2265: checking for gawk
configure:2281: found /usr/bin/gawk
configure:2292: result: gawk
configure:2303: checking whether make sets $(MAKE)
configure:2325: result: yes
configure:2354: checking whether make supports nested variables
configure:2371: result: yes
configure:2678: checking for g++
configure:2694: found /usr/bin/g++
configure:2705: result: g++
configure:2732: checking for C++ compiler version
configure:2741: g++ --version >&5
g++ (Ubuntu 5.4.1-2ubuntu1~16.04) 5.4.1 20160904
Copyright (C) 2015 Free Software Foundation, Inc.
This is free software; see the source for copying conditions.  There is NO
warranty; not even for MERCHANTABILITY or FITNESS FOR A PARTICULAR PURPOSE.

configure:2752: $? = 0
configure:2741: g++ -v >&5
Using built-in specs.
COLLECT_GCC=g++
COLLECT_LTO_WRAPPER=/usr/lib/gcc/x86_64-linux-gnu/5/lto-wrapper
Target: x86_64-linux-gnu
Configured with: ../src/configure -v --with-pkgversion='Ubuntu 5.4.1-2ubuntu1~16.04' --with-bugurl=file:///usr/share/doc/gcc-5/README.Bugs --enable-languages=c,ada,c++,java,go,d,fortran,objc,obj-c++ --prefix=/usr --program-suffix=-5 --enable-shared --enable-linker-build-id --libexecdir=/usr/lib --without-included-gettext --enable-threads=posix --libdir=/usr/lib --enable-nls --with-sysroot=/ --enable-clocale=gnu --enable-libstdcxx-debug --enable-libstdcxx-time=yes --with-default-libstdcxx-abi=new --enable-gnu-unique-object --disable-vtable-verify --enable-libmpx --enable-plugin --with-system-zlib --disable-browser-plugin --enable-java-awt=gtk --enable-gtk-cairo --with-java-home=/usr/lib/jvm/java-1.5.0-gcj-5-amd64/jre --enable-java-home --with-jvm-root-dir=/usr/lib/jvm/java-1.5.0-gcj-5-amd64 --with-jvm-jar-dir=/usr/lib/jvm-exports/java-1.5.0-gcj-5-amd64 --with-arch-directory=amd64 --with-ecj-jar=/usr/share/java/eclipse-ecj.jar --enable-objc-gc --enable-multiarch --disable-werror --with-arch-32=i686 --with-abi=m64 --with-multilib-list=m32,m64,mx32 --enable-multilib --with-tune=generic --enable-checking=release --build=x86_64-linux-gnu --host=x86_64-linux-gnu --target=x86_64-linux-gnu
Thread model: posix
gcc version 5.4.1 20160904 (Ubuntu 5.4.1-2ubuntu1~16.04) 
configure:2752: $? = 0
configure:2741: g++ -V >&5
g++: error: unrecognized command line option '-V'
g++: fatal error: no input files
compilation terminated.
configure:2752: $? = 1
configure:2741: g++ -qversion >&5
g++: error: unrecognized command line option '-qversion'
g++: fatal error: no input files
compilation terminated.
configure:2752: $? = 1
configure:2772: checking whether the C++ compiler works
configure:2794: g++ -O3 -g -DNDEBUG   conftest.cpp  >&5
configure:2798: $? = 0
configure:2846: result: yes
configure:2849: checking for C++ compiler default output file name
configure:2851: result: a.out
configure:2857: checking for suffix of executables
configure:2864: g++ -o conftest -O3 -g -DNDEBUG   conftest.cpp  >&5
configure:2868: $? = 0
configure:2890: result: 
configure:2912: checking whether we are cross compiling
configure:2920: g++ -o conftest -O3 -g -DNDEBUG   conftest.cpp  >&5
configure:2924: $? = 0
configure:2931: ./conftest
configure:2935: $? = 0
configure:2950: result: no
configure:2955: checking for suffix of object files
configure:2977: g++ -c -O3 -g -DNDEBUG  conftest.cpp >&5
configure:2981: $? = 0
configure:3002: result: o
configure:3006: checking whether we are using the GNU C++ compiler
configure:3025: g++ -c -O3 -g -DNDEBUG  conftest.cpp >&5
configure:3025: $? = 0
configure:3034: result: yes
configure:3043: checking whether g++ accepts -g
configure:3063: g++ -c -g  conftest.cpp >&5
configure:3063: $? = 0
configure:3104: result: yes
configure:3138: checking for style of include used by make
configure:3166: result: GNU
configure:3192: checking dependency style of g++
configure:3303: result: gcc3
configure:3366: checking for gcc
configure:3382: found /usr/bin/gcc
configure:3393: result: gcc
configure:3622: checking for C compiler version
configure:3631: gcc --version >&5
gcc (Ubuntu 5.4.1-2ubuntu1~16.04) 5.4.1 20160904
Copyright (C) 2015 Free Software Foundation, Inc.
This is free software; see the source for copying conditions.  There is NO
warranty; not even for MERCHANTABILITY or FITNESS FOR A PARTICULAR PURPOSE.

configure:3642: $? = 0
configure:3631: gcc -v >&5
Using built-in specs.
COLLECT_GCC=gcc
COLLECT_LTO_WRAPPER=/usr/lib/gcc/x86_64-linux-gnu/5/lto-wrapper
Target: x86_64-linux-gnu
Configured with: ../src/configure -v --with-pkgversion='Ubuntu 5.4.1-2ubuntu1~16.04' --with-bugurl=file:///usr/share/doc/gcc-5/README.Bugs --enable-languages=c,ada,c++,java,go,d,fortran,objc,obj-c++ --prefix=/usr --program-suffix=-5 --enable-shared --enable-linker-build-id --libexecdir=/usr/lib --without-included-gettext --enable-threads=posix --libdir=/usr/lib --enable-nls --with-sysroot=/ --enable-clocale=gnu --enable-libstdcxx-debug --enable-libstdcxx-time=yes --with-default-libstdcxx-abi=new --enable-gnu-unique-object --disable-vtable-verify --enable-libmpx --enable-plugin --with-system-zlib --disable-browser-plugin --enable-java-awt=gtk --enable-gtk-cairo --with-java-home=/usr/lib/jvm/java-1.5.0-gcj-5-amd64/jre --enable-java-home --with-jvm-root-dir=/usr/lib/jvm/java-1.5.0-gcj-5-amd64 --with-jvm-jar-dir=/usr/lib/jvm-exports/java-1.5.0-gcj-5-amd64 --with-arch-directory=amd64 --with-ecj-jar=/usr/share/java/eclipse-ecj.jar --enable-objc-gc --enable-multiarch --disable-werror --with-arch-32=i686 --with-abi=m64 --with-multilib-list=m32,m64,mx32 --enable-multilib --with-tune=generic --enable-checking=release --build=x86_64-linux-gnu --host=x86_64-linux-gnu --target=x86_64-linux-gnu
Thread model: posix
gcc version 5.4.1 20160904 (Ubuntu 5.4.1-2ubuntu1~16.04) 
configure:3642: $? = 0
configure:3631: gcc -V >&5
gcc: error: unrecognized command line option '-V'
gcc: fatal error: no input files
compilation terminated.
configure:3642: $? = 1
configure:3631: gcc -qversion >&5
gcc: error: unrecognized command line option '-qversion'
gcc: fatal error: no input files
compilation terminated.
configure:3642: $? = 1
configure:3646: checking whether we are using the GNU C compiler
configure:3665: gcc -c   conftest.c >&5
configure:3665: $? = 0
configure:3674: result: yes
configure:3683: checking whether gcc accepts -g
configure:3703: gcc -c -g  conftest.c >&5
configure:3703: $? = 0
configure:3744: result: yes
configure:3761: checking for gcc option to accept ISO C89
configure:3824: gcc  -c -g -O2  conftest.c >&5
configure:3824: $? = 0
configure:3837: result: none needed
configure:3862: checking whether gcc understands -c and -o together
configure:3884: gcc -c conftest.c -o conftest2.o
configure:3887: $? = 0
configure:3884: gcc -c conftest.c -o conftest2.o
configure:3887: $? = 0
configure:3899: result: yes
configure:3918: checking dependency style of gcc
configure:4029: result: gcc3
configure:4087: checking for ranlib
configure:4103: found /usr/bin/ranlib
configure:4114: result: ranlib
configure:4254: checking that generated files are newer than configure
configure:4260: result: done
configure:4287: creating ./config.status

## ---------------------- ##
## Running config.status. ##
## ---------------------- ##

This file was extended by lepton config.status 0.01, which was
generated by GNU Autoconf 2.69.  Invocation command line was

  CONFIG_FILES    = 
  CONFIG_HEADERS  = 
  CONFIG_LINKS    = 
  CONFIG_COMMANDS = 
  $ ./config.status 

on ghostman-HP-Pavilion-Notebook

config.status:861: creating Makefile
config.status:861: creating config.h
config.status:1090: executing depfiles commands

## ---------------- ##
## Cache variables. ##
## ---------------- ##

ac_cv_c_compiler_gnu=yes
ac_cv_cxx_compiler_gnu=yes
ac_cv_env_CCC_set=
ac_cv_env_CCC_value=
ac_cv_env_CC_set=
ac_cv_env_CC_value=
ac_cv_env_CFLAGS_set=
ac_cv_env_CFLAGS_value=
ac_cv_env_CPPFLAGS_set=
ac_cv_env_CPPFLAGS_value=
ac_cv_env_CXXFLAGS_set=
ac_cv_env_CXXFLAGS_value=
ac_cv_env_CXX_set=
ac_cv_env_CXX_value=
ac_cv_env_LDFLAGS_set=
ac_cv_env_LDFLAGS_value=
ac_cv_env_LIBS_set=
ac_cv_env_LIBS_value=
ac_cv_env_build_alias_set=
ac_cv_env_build_alias_value=
ac_cv_env_host_alias_set=
ac_cv_env_host_alias_value=
ac_cv_env_target_alias_set=
ac_cv_env_target_alias_value=
ac_cv_objext=o
ac_cv_path_install='/usr/bin/install -c'
ac_cv_path_mkdir=/bin/mkdir
ac_cv_prog_AWK=gawk
ac_cv_prog_ac_ct_CC=gcc
ac_cv_prog_ac_ct_CXX=g++
ac_cv_prog_ac_ct_RANLIB=ranlib
ac_cv_prog_cc_c89=
ac_cv_prog_cc_g=yes
ac_cv_prog_cxx_g=yes
ac_cv_prog_make_make_set=yes
am_cv_CC_dependencies_compiler_type=gcc3
am_cv_CXX_dependencies_compiler_type=gcc3
am_cv_make_support_nested_variables=yes
am_cv_prog_cc_c_o=yes

## ----------------- ##
## Output variables. ##
## ----------------- ##

ACLOCAL='${SHELL} /home/ghostman/lepton/missing aclocal-1.15'
AMDEPBACKSLASH='\'
AMDEP_FALSE='#'
AMDEP_TRUE=''
AMTAR='$${TAR-tar}'
AM_BACKSLASH='\'
AM_DEFAULT_V='$(AM_DEFAULT_VERBOSITY)'
AM_DEFAULT_VERBOSITY='1'
AM_V='$(V)'
ARCH_FLAGS='-march=native'
AUTOCONF='${SHELL} /home/ghostman/lepton/missing autoconf'
AUTOHEADER='${SHELL} /home/ghostman/lepton/missing autoheader'
AUTOMAKE='${SHELL} /home/ghostman/lepton/missing automake-1.15'
AWK='gawk'
BENCHMARK_CFLAGS=''
BILLING_FLAGS=''
C99_FLAGS='-std=c99'
CC='gcc'
CCDEPMODE='depmode=gcc3'
CFLAGS='-g -O2'
CODEC_FLAGS='-DDEFAULT_ALLOW_PROGRESSIVE -DHIGH_MEMORY'
CPPFLAGS=''
CXX11_FLAGS='-std=c++11'
CXX='g++'
CXXDEPMODE='depmode=gcc3'
CXXFLAGS='-O3 -g -DNDEBUG'
CYGPATH_W='echo'
DEFS='-DHAVE_CONFIG_H'
DEPDIR='.deps'
ECHO_C=''
ECHO_N='-n'
ECHO_T=''
EXEEXT=''
INSTALL_DATA='${INSTALL} -m 644'
INSTALL_PROGRAM='${INSTALL}'
INSTALL_SCRIPT='${INSTALL}'
INSTALL_STRIP_PROGRAM='$(install_sh) -c -s'
LDFLAGS=''
LIBOBJS=''
LIBS=''
LTLIBOBJS=''
MAKEINFO='${SHELL} /home/ghostman/lepton/missing makeinfo'
MEMORY_MANAGEMENT_CFLAGS='-DUSE_STANDARD_MEMORY_ALLOCATORS'
MKDIR_P='/bin/mkdir -p'
NODEBUG_CXXFLAGS='-DNDEBUG'
OBJEXT='o'
PACKAGE='lepton'
PACKAGE_BUGREPORT='danielrh@dropbox.com'
PACKAGE_NAME='lepton'
PACKAGE_STRING='lepton 0.01'
PACKAGE_TARNAME='lepton'
PACKAGE_URL=''
PACKAGE_VERSION='0.01'
PATH_SEPARATOR=':'
PICKY_CFLAGS='-pedantic -Wall -Wextra -Wno-write-strings -Wno-unused-parameter'
PICKY_CXXFLAGS='-pedantic -Wall -Wextra -Wno-write-strings -Wno-unused-parameter -fno-exceptions -fno-rtti'
RANLIB='ranlib'
SANITIZE_FLAGS=''
SET_MAKE=''
SHELL='/bin/bash'
STRIP=''
SYSTEM_DEPENDENCIES_CFLAGS=''
SYSTEM_DEPENDENCIES_LDFLAGS='liblocalzlib.a'
THREAD_FLAGS=''
VERSION='0.01'
ac_ct_CC='gcc'
ac_ct_CXX='g++'
am__EXEEXT_FALSE=''
am__EXEEXT_TRUE='#'
am__fastdepCC_FALSE='#'
am__fastdepCC_TRUE=''
am__fastdepCXX_FALSE='#'
am__fastdepCXX_TRUE=''
am__include='include'
am__isrc=''
am__leading_dot='.'
am__nodep='_no'
am__quote=''
am__tar='$${TAR-tar} chof - "$$tardir"'
am__untar='$${TAR-tar} xf -'
bindir='${exec_prefix}/bin'
build_alias=''
datadir='${datarootdir}'
datarootdir='${prefix}/share'
docdir='${datarootdir}/doc/${PACKAGE_TARNAME}'
dvidir='${docdir}'
exec_prefix='${prefix}'
host_alias=''
htmldir='${docdir}'
includedir='${prefix}/include'
infodir='${datarootdir}/info'
install_sh='${SHELL} /home/ghostman/lepton/install-sh'
libdir='${exec_prefix}/lib'
libexecdir='${exec_prefix}/libexec'
localedir='${datarootdir}/locale'
localstatedir='${prefix}/var'
mandir='${datarootdir}/man'
mkdir_p='$(MKDIR_P)'
oldincludedir='/usr/include'
pdfdir='${docdir}'
prefix='/usr/local'
program_transform_name='s,x,x,'
psdir='${docdir}'
runstatedir='${localstatedir}/run'
sbindir='${exec_prefix}/sbin'
sharedstatedir='${prefix}/com'
sysconfdir='${prefix}/etc'
target_alias=''

## ----------- ##
## confdefs.h. ##
## ----------- ##

/* confdefs.h */
#define PACKAGE_NAME "lepton"
#define PACKAGE_TARNAME "lepton"
#define PACKAGE_VERSION "0.01"
#define PACKAGE_STRING "lepton 0.01"
#define PACKAGE_BUGREPORT "danielrh@dropbox.com"
#define PACKAGE_URL ""
#define PACKAGE "lepton"
#define VERSION "0.01"

configure: exit 0
